<?xml version="1.0" encoding="UTF-8"?>
<!-- Generated by org.testng.reporters.JUnitReportReporter -->
<testsuite hostname="fabrizio-P65" failures="0" tests="2" name="cs.lab.AuctionTest" time="0.989" errors="0" timestamp="2020-11-05T09:48:33 PET" skipped="0">
  <testcase classname="cs.lab.AuctionTest" name="testCase1" time="0.001"/>
  <testcase classname="cs.lab.AuctionTest" name="testCase0" time="0.988"/>
</testsuite> <!-- cs.lab.AuctionTest -->
