<?xml version="1.0" encoding="UTF-8"?>
<!-- Generated by org.testng.reporters.JUnitReportReporter -->
<testsuite hostname="fabrizio-P65" failures="0" tests="3" name="cs.lab.AuctionTest" time="0.964" errors="0" timestamp="2020-11-05T10:22:19 PET" skipped="0">
  <testcase classname="cs.lab.AuctionTest" name="testCase2" time="0.050"/>
  <testcase classname="cs.lab.AuctionTest" name="testCase1" time="0.002"/>
  <testcase classname="cs.lab.AuctionTest" name="testCase0" time="0.912"/>
</testsuite> <!-- cs.lab.AuctionTest -->
