<?xml version="1.0" encoding="UTF-8"?>
<!-- Generated by org.testng.reporters.JUnitReportReporter -->
<testsuite hostname="fabrizio-P65" failures="0" tests="4" name="cs.lab.AuctionTest" time="1.226" errors="0" timestamp="2020-11-05T10:26:19 PET" skipped="0">
  <testcase classname="cs.lab.AuctionTest" name="testCase0" time="0.989"/>
  <testcase classname="cs.lab.AuctionTest" name="testCase1" time="0.001"/>
  <testcase classname="cs.lab.AuctionTest" name="testCase3" time="0.233"/>
  <testcase classname="cs.lab.AuctionTest" name="testCase2" time="0.003"/>
</testsuite> <!-- cs.lab.AuctionTest -->
